2017/02/17 02:33:05 Starting cygwin install, version 2.874
2017/02/17 02:33:05 User has backup/restore rights
2017/02/17 02:33:05 io_stream_cygfile: fopen(/etc/setup/setup.rc) failed 2 No such file or directory
2017/02/17 02:33:05 Current Directory: D:\tmp
2017/02/17 02:33:05 Could not open service McShield for query, start and stop. McAfee may not be installed, or we don't have access.
2017/02/17 02:33:08 source: network install
2017/02/17 02:33:11 root: D:\Temp\AndeSight_cygwin\std\cygwin system
2017/02/17 02:33:32 Selected local directory: D:\Temp\AndeSight_cygwin\pkg
2017/02/17 02:33:38 net: IE5
2017/02/17 02:33:45 site: ftp://www.fruitbat.org/pub/cygwin/circa/2016/08/30/104223/
2017/02/17 02:33:50 io_stream_cygfile: fopen(/etc/setup/installed.db) failed 2 No such file or directory
2017/02/17 02:33:51 io_stream_cygfile: fopen(/etc/setup/timestamp) failed 2 No such file or directory
2017/02/17 02:39:30 Adding required dependency binutils: Selecting version 2.25-4 for installation.
2017/02/17 02:39:30 Adding required dependency bzip2: Selecting version 1.0.6-2 for installation.
2017/02/17 02:39:30 Adding required dependency cygwin-devel: Selecting version 2.5.2-1 for installation.
2017/02/17 02:39:30 Adding required dependency dash: Selecting version 0.5.8-3 for installation.
2017/02/17 02:39:30 Adding required dependency libatomic1: Selecting version 5.4.0-1 for installation.
2017/02/17 02:39:30 Adding required dependency libattr1: Selecting version 2.4.46-1 for installation.
2017/02/17 02:39:30 Adding required dependency libblkid1: Selecting version 2.25.2-2 for installation.
2017/02/17 02:39:30 Adding required dependency libbz2_1: Selecting version 1.0.6-2 for installation.
2017/02/17 02:39:30 Adding required dependency libcrypt0: Selecting version 1.4-1 for installation.
2017/02/17 02:39:30 Adding required dependency libdb4.8: Selecting version 4.8.30-1 for installation.
2017/02/17 02:39:30 Adding required dependency libgcc1: Selecting version 5.4.0-1 for installation.
2017/02/17 02:39:30 Adding required dependency libgdbm4: Selecting version 1.8.3-20 for installation.
2017/02/17 02:39:30 Adding required dependency libgmp10: Selecting version 6.1.1-1 for installation.
2017/02/17 02:39:30 Adding required dependency libgomp1: Selecting version 5.4.0-1 for installation.
2017/02/17 02:39:30 Adding required dependency libguile17: Selecting version 1.8.8-1 for installation.
2017/02/17 02:39:30 Adding required dependency libiconv2: Selecting version 1.14-3 for installation.
2017/02/17 02:39:30 Adding required dependency libintl8: Selecting version 0.19.7-1 for installation.
2017/02/17 02:39:30 Adding required dependency libisl13: Selecting version 0.14.1-1 for installation.
2017/02/17 02:39:30 Adding required dependency libltdl7: Selecting version 2.4.6-4 for installation.
2017/02/17 02:39:30 Adding required dependency liblzma5: Selecting version 5.2.2-1 for installation.
2017/02/17 02:39:30 Adding required dependency libmpc3: Selecting version 1.0.3-1 for installation.
2017/02/17 02:39:30 Adding required dependency libmpfr4: Selecting version 3.1.4-1 for installation.
2017/02/17 02:39:30 Adding required dependency libncursesw10: Selecting version 6.0-7.20160806 for installation.
2017/02/17 02:39:30 Adding required dependency libpcre1: Selecting version 8.39-1 for installation.
2017/02/17 02:39:30 Adding required dependency libpopt-common: Selecting version 1.16-2 for installation.
2017/02/17 02:39:30 Adding required dependency libpopt0: Selecting version 1.16-2 for installation.
2017/02/17 02:39:30 Adding required dependency libquadmath0: Selecting version 5.4.0-1 for installation.
2017/02/17 02:39:30 Adding required dependency libsmartcols1: Selecting version 2.25.2-2 for installation.
2017/02/17 02:39:30 Adding required dependency libssp0: Selecting version 5.4.0-1 for installation.
2017/02/17 02:39:30 Adding required dependency libstdc++6: Selecting version 5.4.0-1 for installation.
2017/02/17 02:39:30 Adding required dependency libuuid1: Selecting version 2.25.2-2 for installation.
2017/02/17 02:39:30 Adding required dependency libvtv0: Selecting version 5.4.0-1 for installation.
2017/02/17 02:39:30 Adding required dependency perl_autorebase: Selecting version 5.22.2-1 for installation.
2017/02/17 02:39:30 Adding required dependency perl_base: Selecting version 5.22.2-1 for installation.
2017/02/17 02:39:30 Adding required dependency terminfo: Selecting version 6.0-7.20160806 for installation.
2017/02/17 02:39:30 Adding required dependency tzdata: Selecting version 2016f-1 for installation.
2017/02/17 02:39:30 Adding required dependency w32api-headers: Selecting version 4.0.4-1 for installation.
2017/02/17 02:39:30 Adding required dependency w32api-runtime: Selecting version 4.0.4-1 for installation.
2017/02/17 02:39:30 Adding required dependency windows-default-manifest: Selecting version 6.4-1 for installation.
2017/02/17 02:39:30 Adding required dependency xz: Selecting version 5.2.2-1 for installation.
2017/02/17 02:39:30 Adding required dependency zlib-devel: Selecting version 1.2.8-3 for installation.
2017/02/17 02:39:30 Adding required dependency zlib0: Selecting version 1.2.8-3 for installation.
2017/02/17 02:39:35 Downloaded D:\Temp\AndeSight_cygwin\pkg/ftp%3a%2f%2fwww.fruitbat.org%2fpub%2fcygwin%2fcirca%2f2016%2f08%2f30%2f104223%2f/x86/release/binutils/binutils-2.25-4.tar.xz
2017/02/17 02:39:35 Downloaded D:\Temp\AndeSight_cygwin\pkg/ftp%3a%2f%2fwww.fruitbat.org%2fpub%2fcygwin%2fcirca%2f2016%2f08%2f30%2f104223%2f/x86/release/cygwin/cygwin-devel/cygwin-devel-2.5.2-1.tar.xz
2017/02/17 02:39:40 Downloaded D:\Temp\AndeSight_cygwin\pkg/ftp%3a%2f%2fwww.fruitbat.org%2fpub%2fcygwin%2fcirca%2f2016%2f08%2f30%2f104223%2f/x86/release/gcc/gcc-core/gcc-core-5.4.0-1.tar.xz
2017/02/17 02:39:40 Downloaded D:\Temp\AndeSight_cygwin\pkg/ftp%3a%2f%2fwww.fruitbat.org%2fpub%2fcygwin%2fcirca%2f2016%2f08%2f30%2f104223%2f/x86/release/gcc/libatomic1/libatomic1-5.4.0-1.tar.xz
2017/02/17 02:39:40 Downloaded D:\Temp\AndeSight_cygwin\pkg/ftp%3a%2f%2fwww.fruitbat.org%2fpub%2fcygwin%2fcirca%2f2016%2f08%2f30%2f104223%2f/x86/release/gcc/libgomp1/libgomp1-5.4.0-1.tar.xz
2017/02/17 02:39:41 Downloaded D:\Temp\AndeSight_cygwin\pkg/ftp%3a%2f%2fwww.fruitbat.org%2fpub%2fcygwin%2fcirca%2f2016%2f08%2f30%2f104223%2f/x86/release/isl/libisl13/libisl13-0.14.1-1.tar.xz
2017/02/17 02:39:41 Downloaded D:\Temp\AndeSight_cygwin\pkg/ftp%3a%2f%2fwww.fruitbat.org%2fpub%2fcygwin%2fcirca%2f2016%2f08%2f30%2f104223%2f/x86/release/mpclib/libmpc3/libmpc3-1.0.3-1.tar.xz
2017/02/17 02:39:41 Downloaded D:\Temp\AndeSight_cygwin\pkg/ftp%3a%2f%2fwww.fruitbat.org%2fpub%2fcygwin%2fcirca%2f2016%2f08%2f30%2f104223%2f/x86/release/gcc/libquadmath0/libquadmath0-5.4.0-1.tar.xz
2017/02/17 02:39:41 Downloaded D:\Temp\AndeSight_cygwin\pkg/ftp%3a%2f%2fwww.fruitbat.org%2fpub%2fcygwin%2fcirca%2f2016%2f08%2f30%2f104223%2f/x86/release/gcc/libvtv0/libvtv0-5.4.0-1.tar.xz
2017/02/17 02:39:42 Downloaded D:\Temp\AndeSight_cygwin\pkg/ftp%3a%2f%2fwww.fruitbat.org%2fpub%2fcygwin%2fcirca%2f2016%2f08%2f30%2f104223%2f/x86/release/tcl/tcl-8.5.18-1.tar.xz
2017/02/17 02:39:48 Downloaded D:\Temp\AndeSight_cygwin\pkg/ftp%3a%2f%2fwww.fruitbat.org%2fpub%2fcygwin%2fcirca%2f2016%2f08%2f30%2f104223%2f/x86/release/w32api-headers/w32api-headers-4.0.4-1.tar.xz
2017/02/17 02:39:49 Downloaded D:\Temp\AndeSight_cygwin\pkg/ftp%3a%2f%2fwww.fruitbat.org%2fpub%2fcygwin%2fcirca%2f2016%2f08%2f30%2f104223%2f/x86/release/w32api-runtime/w32api-runtime-4.0.4-1.tar.xz
2017/02/17 02:39:49 Downloaded D:\Temp\AndeSight_cygwin\pkg/ftp%3a%2f%2fwww.fruitbat.org%2fpub%2fcygwin%2fcirca%2f2016%2f08%2f30%2f104223%2f/x86/release/windows-default-manifest/windows-default-manifest-6.4-1.tar.xz
2017/02/17 02:39:49 Downloaded D:\Temp\AndeSight_cygwin\pkg/ftp%3a%2f%2fwww.fruitbat.org%2fpub%2fcygwin%2fcirca%2f2016%2f08%2f30%2f104223%2f/x86/release/zlib/zlib-devel/zlib-devel-1.2.8-3.tar.xz
2017/02/17 02:39:55 Extracting from file://D:\Temp\AndeSight_cygwin\pkg/ftp%3a%2f%2fwww.fruitbat.org%2fpub%2fcygwin%2fcirca%2f2016%2f08%2f30%2f104223%2f/noarch/release/_autorebase/_autorebase-001004-1.tar.xz
2017/02/17 02:39:55 Extracting from file://D:\Temp\AndeSight_cygwin\pkg/ftp%3a%2f%2fwww.fruitbat.org%2fpub%2fcygwin%2fcirca%2f2016%2f08%2f30%2f104223%2f/x86/release/alternatives/alternatives-1.3.30c-10.tar.bz2
2017/02/17 02:39:55 Extracting from file://D:\Temp\AndeSight_cygwin\pkg/ftp%3a%2f%2fwww.fruitbat.org%2fpub%2fcygwin%2fcirca%2f2016%2f08%2f30%2f104223%2f/noarch/release/base-cygwin/base-cygwin-3.8-1.tar.xz
2017/02/17 02:39:55 Extracting from file://D:\Temp\AndeSight_cygwin\pkg/ftp%3a%2f%2fwww.fruitbat.org%2fpub%2fcygwin%2fcirca%2f2016%2f08%2f30%2f104223%2f/noarch/release/base-files/base-files-4.2-4.tar.xz
2017/02/17 02:39:56 Extracting from file://D:\Temp\AndeSight_cygwin\pkg/ftp%3a%2f%2fwww.fruitbat.org%2fpub%2fcygwin%2fcirca%2f2016%2f08%2f30%2f104223%2f/x86/release/bash/bash-4.3.46-7.tar.xz
2017/02/17 02:39:56 Extracting from file://D:\Temp\AndeSight_cygwin\pkg/ftp%3a%2f%2fwww.fruitbat.org%2fpub%2fcygwin%2fcirca%2f2016%2f08%2f30%2f104223%2f/x86/release/binutils/binutils-2.25-4.tar.xz
2017/02/17 02:39:59 Extracting from file://D:\Temp\AndeSight_cygwin\pkg/ftp%3a%2f%2fwww.fruitbat.org%2fpub%2fcygwin%2fcirca%2f2016%2f08%2f30%2f104223%2f/x86/release/bzip2/bzip2-1.0.6-2.tar.bz2
2017/02/17 02:39:59 Extracting from file://D:\Temp\AndeSight_cygwin\pkg/ftp%3a%2f%2fwww.fruitbat.org%2fpub%2fcygwin%2fcirca%2f2016%2f08%2f30%2f104223%2f/x86/release/coreutils/coreutils-8.25-3.tar.xz
2017/02/17 02:40:02 Extracting from file://D:\Temp\AndeSight_cygwin\pkg/ftp%3a%2f%2fwww.fruitbat.org%2fpub%2fcygwin%2fcirca%2f2016%2f08%2f30%2f104223%2f/x86/release/cygutils/cygutils-1.4.15-2.tar.xz
2017/02/17 02:40:02 Extracting from file://D:\Temp\AndeSight_cygwin\pkg/ftp%3a%2f%2fwww.fruitbat.org%2fpub%2fcygwin%2fcirca%2f2016%2f08%2f30%2f104223%2f/x86/release/cygwin/cygwin-2.5.2-1.tar.xz
2017/02/17 02:40:04 Extracting from file://D:\Temp\AndeSight_cygwin\pkg/ftp%3a%2f%2fwww.fruitbat.org%2fpub%2fcygwin%2fcirca%2f2016%2f08%2f30%2f104223%2f/x86/release/cygwin/cygwin-devel/cygwin-devel-2.5.2-1.tar.xz
2017/02/17 02:40:04 Extracting from file://D:\Temp\AndeSight_cygwin\pkg/ftp%3a%2f%2fwww.fruitbat.org%2fpub%2fcygwin%2fcirca%2f2016%2f08%2f30%2f104223%2f/x86/release/dash/dash-0.5.8-3.tar.xz
2017/02/17 02:40:04 Extracting from file://D:\Temp\AndeSight_cygwin\pkg/ftp%3a%2f%2fwww.fruitbat.org%2fpub%2fcygwin%2fcirca%2f2016%2f08%2f30%2f104223%2f/x86/release/editrights/editrights-1.03-1.tar.xz
2017/02/17 02:40:04 Extracting from file://D:\Temp\AndeSight_cygwin\pkg/ftp%3a%2f%2fwww.fruitbat.org%2fpub%2fcygwin%2fcirca%2f2016%2f08%2f30%2f104223%2f/x86/release/file/file-5.25-1.tar.xz
2017/02/17 02:40:04 Extracting from file://D:\Temp\AndeSight_cygwin\pkg/ftp%3a%2f%2fwww.fruitbat.org%2fpub%2fcygwin%2fcirca%2f2016%2f08%2f30%2f104223%2f/x86/release/findutils/findutils-4.6.0-1.tar.xz
2017/02/17 02:40:05 Extracting from file://D:\Temp\AndeSight_cygwin\pkg/ftp%3a%2f%2fwww.fruitbat.org%2fpub%2fcygwin%2fcirca%2f2016%2f08%2f30%2f104223%2f/x86/release/gawk/gawk-4.1.4-1.tar.xz
2017/02/17 02:40:06 Extracting from file://D:\Temp\AndeSight_cygwin\pkg/ftp%3a%2f%2fwww.fruitbat.org%2fpub%2fcygwin%2fcirca%2f2016%2f08%2f30%2f104223%2f/x86/release/gcc/gcc-core/gcc-core-5.4.0-1.tar.xz
2017/02/17 02:40:10 Extracting from file://D:\Temp\AndeSight_cygwin\pkg/ftp%3a%2f%2fwww.fruitbat.org%2fpub%2fcygwin%2fcirca%2f2016%2f08%2f30%2f104223%2f/x86/release/grep/grep-2.25-1.tar.xz
2017/02/17 02:40:10 Extracting from file://D:\Temp\AndeSight_cygwin\pkg/ftp%3a%2f%2fwww.fruitbat.org%2fpub%2fcygwin%2fcirca%2f2016%2f08%2f30%2f104223%2f/x86/release/gzip/gzip-1.8-1.tar.xz
2017/02/17 02:40:10 Extracting from file://D:\Temp\AndeSight_cygwin\pkg/ftp%3a%2f%2fwww.fruitbat.org%2fpub%2fcygwin%2fcirca%2f2016%2f08%2f30%2f104223%2f/x86/release/hostname/hostname-3.13-1.tar.bz2
2017/02/17 02:40:10 Extracting from file://D:\Temp\AndeSight_cygwin\pkg/ftp%3a%2f%2fwww.fruitbat.org%2fpub%2fcygwin%2fcirca%2f2016%2f08%2f30%2f104223%2f/x86/release/gcc/libatomic1/libatomic1-5.4.0-1.tar.xz
2017/02/17 02:40:10 Extracting from file://D:\Temp\AndeSight_cygwin\pkg/ftp%3a%2f%2fwww.fruitbat.org%2fpub%2fcygwin%2fcirca%2f2016%2f08%2f30%2f104223%2f/x86/release/attr/libattr1/libattr1-2.4.46-1.tar.bz2
2017/02/17 02:40:10 Extracting from file://D:\Temp\AndeSight_cygwin\pkg/ftp%3a%2f%2fwww.fruitbat.org%2fpub%2fcygwin%2fcirca%2f2016%2f08%2f30%2f104223%2f/x86/release/util-linux/libblkid1/libblkid1-2.25.2-2.tar.xz
2017/02/17 02:40:10 Extracting from file://D:\Temp\AndeSight_cygwin\pkg/ftp%3a%2f%2fwww.fruitbat.org%2fpub%2fcygwin%2fcirca%2f2016%2f08%2f30%2f104223%2f/x86/release/bzip2/libbz2_1/libbz2_1-1.0.6-2.tar.bz2
2017/02/17 02:40:10 Extracting from file://D:\Temp\AndeSight_cygwin\pkg/ftp%3a%2f%2fwww.fruitbat.org%2fpub%2fcygwin%2fcirca%2f2016%2f08%2f30%2f104223%2f/x86/release/crypt/libcrypt0/libcrypt0-1.4-1.tar.xz
2017/02/17 02:40:10 Extracting from file://D:\Temp\AndeSight_cygwin\pkg/ftp%3a%2f%2fwww.fruitbat.org%2fpub%2fcygwin%2fcirca%2f2016%2f08%2f30%2f104223%2f/x86/release/db4.8/libdb4.8/libdb4.8-4.8.30-1.tar.bz2
2017/02/17 02:40:10 Extracting from file://D:\Temp\AndeSight_cygwin\pkg/ftp%3a%2f%2fwww.fruitbat.org%2fpub%2fcygwin%2fcirca%2f2016%2f08%2f30%2f104223%2f/x86/release/gcc/libgcc1/libgcc1-5.4.0-1.tar.xz
2017/02/17 02:40:10 Extracting from file://D:\Temp\AndeSight_cygwin\pkg/ftp%3a%2f%2fwww.fruitbat.org%2fpub%2fcygwin%2fcirca%2f2016%2f08%2f30%2f104223%2f/x86/release/gdbm/libgdbm4/libgdbm4-1.8.3-20.tar.bz2
2017/02/17 02:40:10 Extracting from file://D:\Temp\AndeSight_cygwin\pkg/ftp%3a%2f%2fwww.fruitbat.org%2fpub%2fcygwin%2fcirca%2f2016%2f08%2f30%2f104223%2f/x86/release/gmp/libgmp10/libgmp10-6.1.1-1.tar.xz
2017/02/17 02:40:10 Extracting from file://D:\Temp\AndeSight_cygwin\pkg/ftp%3a%2f%2fwww.fruitbat.org%2fpub%2fcygwin%2fcirca%2f2016%2f08%2f30%2f104223%2f/x86/release/gcc/libgomp1/libgomp1-5.4.0-1.tar.xz
2017/02/17 02:40:10 Extracting from file://D:\Temp\AndeSight_cygwin\pkg/ftp%3a%2f%2fwww.fruitbat.org%2fpub%2fcygwin%2fcirca%2f2016%2f08%2f30%2f104223%2f/x86/release/guile/libguile17/libguile17-1.8.8-1.tar.xz
2017/02/17 02:40:11 Extracting from file://D:\Temp\AndeSight_cygwin\pkg/ftp%3a%2f%2fwww.fruitbat.org%2fpub%2fcygwin%2fcirca%2f2016%2f08%2f30%2f104223%2f/x86/release/libiconv/libiconv2/libiconv2-1.14-3.tar.xz
2017/02/17 02:40:11 Extracting from file://D:\Temp\AndeSight_cygwin\pkg/ftp%3a%2f%2fwww.fruitbat.org%2fpub%2fcygwin%2fcirca%2f2016%2f08%2f30%2f104223%2f/x86/release/gettext/libintl8/libintl8-0.19.7-1.tar.xz
2017/02/17 02:40:11 Extracting from file://D:\Temp\AndeSight_cygwin\pkg/ftp%3a%2f%2fwww.fruitbat.org%2fpub%2fcygwin%2fcirca%2f2016%2f08%2f30%2f104223%2f/x86/release/isl/libisl13/libisl13-0.14.1-1.tar.xz
2017/02/17 02:40:12 Extracting from file://D:\Temp\AndeSight_cygwin\pkg/ftp%3a%2f%2fwww.fruitbat.org%2fpub%2fcygwin%2fcirca%2f2016%2f08%2f30%2f104223%2f/x86/release/libtool/libltdl7/libltdl7-2.4.6-4.tar.xz
2017/02/17 02:40:12 Extracting from file://D:\Temp\AndeSight_cygwin\pkg/ftp%3a%2f%2fwww.fruitbat.org%2fpub%2fcygwin%2fcirca%2f2016%2f08%2f30%2f104223%2f/x86/release/xz/liblzma5/liblzma5-5.2.2-1.tar.xz
2017/02/17 02:40:12 Extracting from file://D:\Temp\AndeSight_cygwin\pkg/ftp%3a%2f%2fwww.fruitbat.org%2fpub%2fcygwin%2fcirca%2f2016%2f08%2f30%2f104223%2f/x86/release/mpclib/libmpc3/libmpc3-1.0.3-1.tar.xz
2017/02/17 02:40:12 Extracting from file://D:\Temp\AndeSight_cygwin\pkg/ftp%3a%2f%2fwww.fruitbat.org%2fpub%2fcygwin%2fcirca%2f2016%2f08%2f30%2f104223%2f/x86/release/mpfr/libmpfr4/libmpfr4-3.1.4-1.tar.xz
2017/02/17 02:40:12 Extracting from file://D:\Temp\AndeSight_cygwin\pkg/ftp%3a%2f%2fwww.fruitbat.org%2fpub%2fcygwin%2fcirca%2f2016%2f08%2f30%2f104223%2f/x86/release/ncurses/libncursesw10/libncursesw10-6.0-7.20160806.tar.xz
2017/02/17 02:40:12 Extracting from file://D:\Temp\AndeSight_cygwin\pkg/ftp%3a%2f%2fwww.fruitbat.org%2fpub%2fcygwin%2fcirca%2f2016%2f08%2f30%2f104223%2f/x86/release/pcre/libpcre1/libpcre1-8.39-1.tar.xz
2017/02/17 02:40:12 Extracting from file://D:\Temp\AndeSight_cygwin\pkg/ftp%3a%2f%2fwww.fruitbat.org%2fpub%2fcygwin%2fcirca%2f2016%2f08%2f30%2f104223%2f/x86/release/popt/libpopt-common/libpopt-common-1.16-2.tar.xz
2017/02/17 02:40:12 Extracting from file://D:\Temp\AndeSight_cygwin\pkg/ftp%3a%2f%2fwww.fruitbat.org%2fpub%2fcygwin%2fcirca%2f2016%2f08%2f30%2f104223%2f/x86/release/popt/libpopt0/libpopt0-1.16-2.tar.xz
2017/02/17 02:40:12 Extracting from file://D:\Temp\AndeSight_cygwin\pkg/ftp%3a%2f%2fwww.fruitbat.org%2fpub%2fcygwin%2fcirca%2f2016%2f08%2f30%2f104223%2f/x86/release/gcc/libquadmath0/libquadmath0-5.4.0-1.tar.xz
2017/02/17 02:40:12 Extracting from file://D:\Temp\AndeSight_cygwin\pkg/ftp%3a%2f%2fwww.fruitbat.org%2fpub%2fcygwin%2fcirca%2f2016%2f08%2f30%2f104223%2f/x86/release/readline/libreadline7/libreadline7-6.3.8-1.tar.xz
2017/02/17 02:40:12 Extracting from file://D:\Temp\AndeSight_cygwin\pkg/ftp%3a%2f%2fwww.fruitbat.org%2fpub%2fcygwin%2fcirca%2f2016%2f08%2f30%2f104223%2f/x86/release/util-linux/libsmartcols1/libsmartcols1-2.25.2-2.tar.xz
2017/02/17 02:40:12 Extracting from file://D:\Temp\AndeSight_cygwin\pkg/ftp%3a%2f%2fwww.fruitbat.org%2fpub%2fcygwin%2fcirca%2f2016%2f08%2f30%2f104223%2f/x86/release/gcc/libssp0/libssp0-5.4.0-1.tar.xz
2017/02/17 02:40:12 Extracting from file://D:\Temp\AndeSight_cygwin\pkg/ftp%3a%2f%2fwww.fruitbat.org%2fpub%2fcygwin%2fcirca%2f2016%2f08%2f30%2f104223%2f/x86/release/gcc/libstdc++6/libstdc++6-5.4.0-1.tar.xz
2017/02/17 02:40:12 Extracting from file://D:\Temp\AndeSight_cygwin\pkg/ftp%3a%2f%2fwww.fruitbat.org%2fpub%2fcygwin%2fcirca%2f2016%2f08%2f30%2f104223%2f/x86/release/util-linux/libuuid1/libuuid1-2.25.2-2.tar.xz
2017/02/17 02:40:12 Extracting from file://D:\Temp\AndeSight_cygwin\pkg/ftp%3a%2f%2fwww.fruitbat.org%2fpub%2fcygwin%2fcirca%2f2016%2f08%2f30%2f104223%2f/x86/release/gcc/libvtv0/libvtv0-5.4.0-1.tar.xz
2017/02/17 02:40:12 Extracting from file://D:\Temp\AndeSight_cygwin\pkg/ftp%3a%2f%2fwww.fruitbat.org%2fpub%2fcygwin%2fcirca%2f2016%2f08%2f30%2f104223%2f/x86/release/login/login-1.11-1.tar.xz
2017/02/17 02:40:13 Extracting from file://D:\Temp\AndeSight_cygwin\pkg/ftp%3a%2f%2fwww.fruitbat.org%2fpub%2fcygwin%2fcirca%2f2016%2f08%2f30%2f104223%2f/x86/release/make/make-4.2.1-1.tar.xz
2017/02/17 02:40:13 Extracting from file://D:\Temp\AndeSight_cygwin\pkg/ftp%3a%2f%2fwww.fruitbat.org%2fpub%2fcygwin%2fcirca%2f2016%2f08%2f30%2f104223%2f/x86/release/mintty/mintty-2.4.3-0.tar.xz
2017/02/17 02:40:13 Extracting from file://D:\Temp\AndeSight_cygwin\pkg/ftp%3a%2f%2fwww.fruitbat.org%2fpub%2fcygwin%2fcirca%2f2016%2f08%2f30%2f104223%2f/x86/release/ncurses/ncurses-6.0-7.20160806.tar.xz
2017/02/17 02:40:13 Extracting from file://D:\Temp\AndeSight_cygwin\pkg/ftp%3a%2f%2fwww.fruitbat.org%2fpub%2fcygwin%2fcirca%2f2016%2f08%2f30%2f104223%2f/x86/release/perl/perl-5.22.2-1.tar.xz
2017/02/17 02:40:18 Extracting from file://D:\Temp\AndeSight_cygwin\pkg/ftp%3a%2f%2fwww.fruitbat.org%2fpub%2fcygwin%2fcirca%2f2016%2f08%2f30%2f104223%2f/x86/release/perl/perl_autorebase/perl_autorebase-5.22.2-1.tar.xz
2017/02/17 02:40:18 Extracting from file://D:\Temp\AndeSight_cygwin\pkg/ftp%3a%2f%2fwww.fruitbat.org%2fpub%2fcygwin%2fcirca%2f2016%2f08%2f30%2f104223%2f/x86/release/perl/perl_base/perl_base-5.22.2-1.tar.xz
2017/02/17 02:40:20 Extracting from file://D:\Temp\AndeSight_cygwin\pkg/ftp%3a%2f%2fwww.fruitbat.org%2fpub%2fcygwin%2fcirca%2f2016%2f08%2f30%2f104223%2f/x86/release/rebase/rebase-4.4.2-1.tar.xz
2017/02/17 02:40:20 Extracting from file://D:\Temp\AndeSight_cygwin\pkg/ftp%3a%2f%2fwww.fruitbat.org%2fpub%2fcygwin%2fcirca%2f2016%2f08%2f30%2f104223%2f/x86/release/run/run-1.3.4-2.tar.xz
2017/02/17 02:40:20 Extracting from file://D:\Temp\AndeSight_cygwin\pkg/ftp%3a%2f%2fwww.fruitbat.org%2fpub%2fcygwin%2fcirca%2f2016%2f08%2f30%2f104223%2f/x86/release/sed/sed-4.2.2-3.tar.bz2
2017/02/17 02:40:21 Extracting from file://D:\Temp\AndeSight_cygwin\pkg/ftp%3a%2f%2fwww.fruitbat.org%2fpub%2fcygwin%2fcirca%2f2016%2f08%2f30%2f104223%2f/x86/release/tar/tar-1.28-1.tar.xz
2017/02/17 02:40:21 Extracting from file://D:\Temp\AndeSight_cygwin\pkg/ftp%3a%2f%2fwww.fruitbat.org%2fpub%2fcygwin%2fcirca%2f2016%2f08%2f30%2f104223%2f/x86/release/tcl/tcl-8.5.18-1.tar.xz
2017/02/17 02:40:22 Extracting from file://D:\Temp\AndeSight_cygwin\pkg/ftp%3a%2f%2fwww.fruitbat.org%2fpub%2fcygwin%2fcirca%2f2016%2f08%2f30%2f104223%2f/x86/release/ncurses/terminfo/terminfo-6.0-7.20160806.tar.xz
2017/02/17 02:40:23 Extracting from file://D:\Temp\AndeSight_cygwin\pkg/ftp%3a%2f%2fwww.fruitbat.org%2fpub%2fcygwin%2fcirca%2f2016%2f08%2f30%2f104223%2f/noarch/release/tzdata/tzdata-2016f-1.tar.xz
2017/02/17 02:40:26 Extracting from file://D:\Temp\AndeSight_cygwin\pkg/ftp%3a%2f%2fwww.fruitbat.org%2fpub%2fcygwin%2fcirca%2f2016%2f08%2f30%2f104223%2f/x86/release/util-linux/util-linux-2.25.2-2.tar.xz
2017/02/17 02:40:28 Extracting from file://D:\Temp\AndeSight_cygwin\pkg/ftp%3a%2f%2fwww.fruitbat.org%2fpub%2fcygwin%2fcirca%2f2016%2f08%2f30%2f104223%2f/x86/release/vim/vim-minimal/vim-minimal-7.4.2181-1.tar.xz
2017/02/17 02:40:28 Extracting from file://D:\Temp\AndeSight_cygwin\pkg/ftp%3a%2f%2fwww.fruitbat.org%2fpub%2fcygwin%2fcirca%2f2016%2f08%2f30%2f104223%2f/x86/release/w32api-headers/w32api-headers-4.0.4-1.tar.xz
2017/02/17 02:40:35 Extracting from file://D:\Temp\AndeSight_cygwin\pkg/ftp%3a%2f%2fwww.fruitbat.org%2fpub%2fcygwin%2fcirca%2f2016%2f08%2f30%2f104223%2f/x86/release/w32api-runtime/w32api-runtime-4.0.4-1.tar.xz
2017/02/17 02:40:39 Extracting from file://D:\Temp\AndeSight_cygwin\pkg/ftp%3a%2f%2fwww.fruitbat.org%2fpub%2fcygwin%2fcirca%2f2016%2f08%2f30%2f104223%2f/x86/release/which/which-2.20-2.tar.bz2
2017/02/17 02:40:39 Extracting from file://D:\Temp\AndeSight_cygwin\pkg/ftp%3a%2f%2fwww.fruitbat.org%2fpub%2fcygwin%2fcirca%2f2016%2f08%2f30%2f104223%2f/x86/release/windows-default-manifest/windows-default-manifest-6.4-1.tar.xz
2017/02/17 02:40:39 Extracting from file://D:\Temp\AndeSight_cygwin\pkg/ftp%3a%2f%2fwww.fruitbat.org%2fpub%2fcygwin%2fcirca%2f2016%2f08%2f30%2f104223%2f/x86/release/xz/xz-5.2.2-1.tar.xz
2017/02/17 02:40:39 Extracting from file://D:\Temp\AndeSight_cygwin\pkg/ftp%3a%2f%2fwww.fruitbat.org%2fpub%2fcygwin%2fcirca%2f2016%2f08%2f30%2f104223%2f/x86/release/zlib/zlib-devel/zlib-devel-1.2.8-3.tar.xz
2017/02/17 02:40:39 Extracting from file://D:\Temp\AndeSight_cygwin\pkg/ftp%3a%2f%2fwww.fruitbat.org%2fpub%2fcygwin%2fcirca%2f2016%2f08%2f30%2f104223%2f/x86/release/zlib/zlib0/zlib0-1.2.8-3.tar.xz
2017/02/17 02:40:40 Changing gid back to original
2017/02/17 02:40:40 running: D:\Temp\AndeSight_cygwin\std\cygwin\bin\dash.exe "/etc/postinstall/0p_000_autorebase.dash"
2017/02/17 02:40:49 running: D:\Temp\AndeSight_cygwin\std\cygwin\bin\bash.exe --norc --noprofile "/etc/postinstall/000-cygwin-post-install.sh"
2017/02/17 02:40:50 running: D:\Temp\AndeSight_cygwin\std\cygwin\bin\bash.exe --norc --noprofile "/etc/postinstall/coreutils.sh"
2017/02/17 02:40:51 running: D:\Temp\AndeSight_cygwin\std\cygwin\bin\bash.exe --norc --noprofile "/etc/postinstall/bash.sh"
2017/02/17 02:40:51 running: D:\Temp\AndeSight_cygwin\std\cygwin\bin\bash.exe --norc --noprofile "/etc/postinstall/base-files-mketc.sh"
2017/02/17 02:40:52 running: D:\Temp\AndeSight_cygwin\std\cygwin\bin\bash.exe --norc --noprofile "/etc/postinstall/base-files-profile.sh"
2017/02/17 02:40:52 running: D:\Temp\AndeSight_cygwin\std\cygwin\bin\bash.exe --norc --noprofile "/etc/postinstall/mintty.sh"
2017/02/17 02:40:53 Changing gid to Administrators
2017/02/17 02:41:18 note: Installation Complete
2017/02/17 02:41:18 Ending cygwin install
